d:\quanwei\工程\xpgm_915\xpgm\xtranscodeatl\release64\xtranscodeatl.pch
d:\quanwei\工程\xpgm_915\xpgm\xtranscodeatl\release64\vc140.pdb
d:\quanwei\工程\xpgm_915\xpgm\xtranscodeatl\release64\stdafx.obj
d:\quanwei\工程\xpgm_915\xpgm\xtranscodeatl\release64\xtranscodeatl.obj
d:\quanwei\工程\xpgm_915\xpgm\xtranscodeatl\release64\cnxtranscode.obj
d:\quanwei\工程\xpgm_915\xpgm\xtranscodeatl\release64\dllmain.obj
d:\quanwei\工程\xpgm_915\xpgm\xtranscodeatl\release64\xtranscodeatl_i.obj
d:\quanwei\工程\xpgm_915\xpgm\xtranscodeatl\release64\xdlldata.obj
d:\quanwei\工程\xpgm_915\xpgm\xtranscodeatl\release64\xtranscodeatl.dll
d:\quanwei\工程\xpgm_915\xpgm\xtranscodeatl\release64\xtranscodeatl.pdb
d:\quanwei\工程\xpgm_915\xpgm\xtranscodeatl\release64\xtranscodeatl.tlb
d:\quanwei\工程\xpgm_915\xpgm\xtranscodeatl\xtranscodeatl_p.c
d:\quanwei\工程\xpgm_915\xpgm\xtranscodeatl\xtranscodeatl_i.c
d:\quanwei\工程\xpgm_915\xpgm\xtranscodeatl\xtranscodeatl_i.h
d:\quanwei\工程\xpgm_915\xpgm\xtranscodeatl\release64\xtranscodeatl.res
d:\quanwei\工程\xpgm_915\xpgm\xtranscodeatl\release64\xtranscodeatl.lib
d:\quanwei\工程\xpgm_915\xpgm\xtranscodeatl\release64\xtranscodeatl.exp
d:\quanwei\工程\xpgm_915\xpgm\xtranscodeatl\release64\xtranscodeatl.tlog\cl.command.1.tlog
d:\quanwei\工程\xpgm_915\xpgm\xtranscodeatl\release64\xtranscodeatl.tlog\cl.read.1.tlog
d:\quanwei\工程\xpgm_915\xpgm\xtranscodeatl\release64\xtranscodeatl.tlog\cl.write.1.tlog
d:\quanwei\工程\xpgm_915\xpgm\xtranscodeatl\release64\xtranscodeatl.tlog\link.command.1.tlog
d:\quanwei\工程\xpgm_915\xpgm\xtranscodeatl\release64\xtranscodeatl.tlog\link.read.1.tlog
d:\quanwei\工程\xpgm_915\xpgm\xtranscodeatl\release64\xtranscodeatl.tlog\link.write.1.tlog
d:\quanwei\工程\xpgm_915\xpgm\xtranscodeatl\release64\xtranscodeatl.tlog\midl.command.1.tlog
d:\quanwei\工程\xpgm_915\xpgm\xtranscodeatl\release64\xtranscodeatl.tlog\midl.read.1.tlog
d:\quanwei\工程\xpgm_915\xpgm\xtranscodeatl\release64\xtranscodeatl.tlog\midl.write.1.tlog
d:\quanwei\工程\xpgm_915\xpgm\xtranscodeatl\release64\xtranscodeatl.tlog\rc.command.1.tlog
d:\quanwei\工程\xpgm_915\xpgm\xtranscodeatl\release64\xtranscodeatl.tlog\rc.read.1.tlog
d:\quanwei\工程\xpgm_915\xpgm\xtranscodeatl\release64\xtranscodeatl.tlog\rc.write.1.tlog
d:\quanwei\工程\xpgm_915\xpgm\xtranscodeatl\release64\xtranscodeatl.tlog\xtranscodeatl.write.1u.tlog
