d:\quanwei\工程\xpgm_915\xpgm\xcommonfilereadernode\debug64\xcommonfilereadernode.pch
d:\quanwei\工程\xpgm_915\xpgm\xcommonfilereadernode\debug64\vc140.pdb
d:\quanwei\工程\xpgm_915\xpgm\xcommonfilereadernode\debug64\vc140.idb
d:\quanwei\工程\xpgm_915\xpgm\xcommonfilereadernode\debug64\stdafx.obj
d:\quanwei\工程\xpgm_915\xpgm\xcommonfilereadernode\debug64\cnstransationparameter.obj
d:\quanwei\工程\xpgm_915\xpgm\xcommonfilereadernode\debug64\cnxavcdecodetask.obj
d:\quanwei\工程\xpgm_915\xpgm\xcommonfilereadernode\debug64\cnxcommonfilereadernode.obj
d:\quanwei\工程\xpgm_915\xpgm\xcommonfilereadernode\debug64\songproperty.obj
d:\quanwei\工程\xpgm_915\xpgm\xcommonfilereadernode\debug64\xcommonfilereadernode.obj
d:\quanwei\工程\xpgm_915\xpgm\xcommonfilereadernode\debug64\dllmain.obj
d:\quanwei\工程\xpgm_915\xpgm\xcommonfilereadernode\debug64\xcommonfilereadernode.ilk
d:\quanwei\工程\xpgm_915\xpgm\xcommonfilereadernode\debug64\xcommonfilereadernode.dll
d:\quanwei\工程\xpgm_915\xpgm\xcommonfilereadernode\debug64\xcommonfilereadernode.pdb
d:\quanwei\工程\xpgm_915\xpgm\xcommonfilereadernode\debug64\xcommonfilereadernode.lib
d:\quanwei\工程\xpgm_915\xpgm\xcommonfilereadernode\debug64\xcommonfilereadernode.exp
d:\quanwei\工程\xpgm_915\xpgm\xcommonfilereadernode\debug64\xcommonf.ef01790b.tlog\cl.command.1.tlog
d:\quanwei\工程\xpgm_915\xpgm\xcommonfilereadernode\debug64\xcommonf.ef01790b.tlog\cl.read.1.tlog
d:\quanwei\工程\xpgm_915\xpgm\xcommonfilereadernode\debug64\xcommonf.ef01790b.tlog\cl.write.1.tlog
d:\quanwei\工程\xpgm_915\xpgm\xcommonfilereadernode\debug64\xcommonf.ef01790b.tlog\link.command.1.tlog
d:\quanwei\工程\xpgm_915\xpgm\xcommonfilereadernode\debug64\xcommonf.ef01790b.tlog\link.read.1.tlog
d:\quanwei\工程\xpgm_915\xpgm\xcommonfilereadernode\debug64\xcommonf.ef01790b.tlog\link.write.1.tlog
d:\quanwei\工程\xpgm_915\xpgm\xcommonfilereadernode\debug64\xcommonf.ef01790b.tlog\xcommonfilereadernode.write.1u.tlog
